-------------------------------------------------------------------------------
Test set: com.dailycodebuffer.springbootmongodb.SpringbootMongodbApplicationTests
-------------------------------------------------------------------------------
Tests run: 1, Failures: 0, Errors: 1, Skipped: 0, Time elapsed: 0.273 s <<< FAILURE! - in com.dailycodebuffer.springbootmongodb.SpringbootMongodbApplicationTests
com.dailycodebuffer.springbootmongodb.SpringbootMongodbApplicationTests  Time elapsed: 0.272 s  <<< ERROR!
java.lang.IllegalStateException: Unable to find a @SpringBootConfiguration, you need to use @ContextConfiguration or @SpringBootTest(classes=...) with your test

