<?xml version="1.0" encoding="UTF-8"?>
<testsuite xmlns:xsi="http://www.w3.org/2001/XMLSchema-instance" xsi:noNamespaceSchemaLocation="https://maven.apache.org/surefire/maven-surefire-plugin/xsd/surefire-test-report.xsd" name="com.dailycodebuffer.springbootmongodb.SpringbootMongodbApplicationTests" time="0.273" tests="1" errors="1" skipped="0" failures="0">
  <properties>
[...]
</properties>
  <testcase name="com.dailycodebuffer.springbootmongodb.SpringbootMongodbApplicationTests" classname="com.dailycodebuffer.springbootmongodb.SpringbootMongodbApplicationTests" time="0.272">
    <error message="Unable to find a @SpringBootConfiguration, you need to use @ContextConfiguration or @SpringBootTest(classes=...) with your test" type="java.lang.IllegalStateException">java.lang.IllegalStateException: Unable to find a @SpringBootConfiguration, you need to use @ContextConfiguration or @SpringBootTest(classes=...) with your test
</error>
    <system-out><![CDATA[17:43:21.002 [main] DEBUG org.springframework.test.context.BootstrapUtils - Instantiating CacheAwareContextLoaderDelegate from class [org.springframework.test.context.cache.DefaultCacheAwareContextLoaderDelegate]
17:43:21.011 [main] DEBUG org.springframework.test.context.BootstrapUtils - Instantiating BootstrapContext using constructor [public org.springframework.test.context.support.DefaultBootstrapContext(java.lang.Class,org.springframework.test.context.CacheAwareContextLoaderDelegate)]
17:43:21.050 [main] DEBUG org.springframework.test.context.BootstrapUtils - Instantiating TestContextBootstrapper for test class [com.dailycodebuffer.springbootmongodb.SpringbootMongodbApplicationTests] from class [org.springframework.boot.test.context.SpringBootTestContextBootstrapper]
17:43:21.060 [main] INFO org.springframework.boot.test.context.SpringBootTestContextBootstrapper - Neither @ContextConfiguration nor @ContextHierarchy found for test class [com.dailycodebuffer.springbootmongodb.SpringbootMongodbApplicationTests], using SpringBootContextLoader
17:43:21.064 [main] DEBUG org.springframework.test.context.support.AbstractContextLoader - Did not detect default resource location for test class [com.dailycodebuffer.springbootmongodb.SpringbootMongodbApplicationTests]: class path resource [com/dailycodebuffer/springbootmongodb/SpringbootMongodbApplicationTests-context.xml] does not exist
17:43:21.064 [main] DEBUG org.springframework.test.context.support.AbstractContextLoader - Did not detect default resource location for test class [com.dailycodebuffer.springbootmongodb.SpringbootMongodbApplicationTests]: class path resource [com/dailycodebuffer/springbootmongodb/SpringbootMongodbApplicationTestsContext.groovy] does not exist
17:43:21.064 [main] INFO org.springframework.test.context.support.AbstractContextLoader - Could not detect default resource locations for test class [com.dailycodebuffer.springbootmongodb.SpringbootMongodbApplicationTests]: no resource found for suffixes {-context.xml, Context.groovy}.
17:43:21.065 [main] INFO org.springframework.test.context.support.AnnotationConfigContextLoaderUtils - Could not detect default configuration classes for test class [com.dailycodebuffer.springbootmongodb.SpringbootMongodbApplicationTests]: SpringbootMongodbApplicationTests does not declare any static, non-private, non-final, nested classes annotated with @Configuration.
17:43:21.110 [main] DEBUG org.springframework.test.context.support.ActiveProfilesUtils - Could not find an 'annotation declaring class' for annotation type [org.springframework.test.context.ActiveProfiles] and class [com.dailycodebuffer.springbootmongodb.SpringbootMongodbApplicationTests]
]]></system-out>
  </testcase>
</testsuite>